Determining if the C compiler works failed with the following output:
Change Dir: /home/aposta/projects/ai/game_platform/build/CMakeFiles/CMakeTmp

Run Build Command:"/usr/bin/gmake" "cmTC_0f189/fast"
No such file or directory
Generator: execution of make failed. Make command was: "/usr/bin/gmake" "cmTC_0f189/fast"


Determining if the C compiler works failed with the following output:
Change Dir: /home/aposta/projects/ai/game_platform/build/CMakeFiles/CMakeTmp

Run Build Command:"/usr/bin/gmake" "cmTC_16316/fast"
No such file or directory
Generator: execution of make failed. Make command was: "/usr/bin/gmake" "cmTC_16316/fast"


Determining if the C compiler works failed with the following output:
Change Dir: /home/aposta/projects/ai/game_platform/build/CMakeFiles/CMakeTmp

Run Build Command:"/usr/bin/gmake" "cmTC_ed3ff/fast"
No such file or directory
Generator: execution of make failed. Make command was: "/usr/bin/gmake" "cmTC_ed3ff/fast"


Determining if the C compiler works failed with the following output:
Change Dir: /home/aposta/projects/ai/game_platform/build/CMakeFiles/CMakeTmp

Run Build Command:"/usr/bin/gmake" "cmTC_69428/fast"
No such file or directory
Generator: execution of make failed. Make command was: "/usr/bin/gmake" "cmTC_69428/fast"


Determining if the C compiler works failed with the following output:
Change Dir: /home/aposta/projects/ai/game_platform/build/CMakeFiles/CMakeTmp

Run Build Command:"/usr/bin/gmake" "cmTC_50224/fast"
No such file or directory
Generator: execution of make failed. Make command was: "/usr/bin/gmake" "cmTC_50224/fast"


Determining if the C compiler works failed with the following output:
Change Dir: /home/aposta/projects/ai/game_platform/build/CMakeFiles/CMakeTmp

Run Build Command:"/usr/bin/gmake" "cmTC_53ad3/fast"
No such file or directory
Generator: execution of make failed. Make command was: "/usr/bin/gmake" "cmTC_53ad3/fast"


Determining if the C compiler works failed with the following output:
Change Dir: /home/aposta/projects/ai/game_platform/build/CMakeFiles/CMakeTmp

Run Build Command:"/usr/bin/gmake" "cmTC_a72f8/fast"
No such file or directory
Generator: execution of make failed. Make command was: "/usr/bin/gmake" "cmTC_a72f8/fast"


Determining if the C compiler works failed with the following output:
Change Dir: /home/aposta/projects/ai/game_platform/build/CMakeFiles/CMakeTmp

Run Build Command:"/usr/bin/gmake" "cmTC_5e0c0/fast"
No such file or directory
Generator: execution of make failed. Make command was: "/usr/bin/gmake" "cmTC_5e0c0/fast"


Determining if the C compiler works failed with the following output:
Change Dir: /home/aposta/projects/ai/game_platform/build/CMakeFiles/CMakeTmp

Run Build Command:"/usr/bin/gmake" "cmTC_25ef5/fast"
No such file or directory
Generator: execution of make failed. Make command was: "/usr/bin/gmake" "cmTC_25ef5/fast"


Determining if the C compiler works failed with the following output:
Change Dir: /home/aposta/projects/ai/game_platform/build/CMakeFiles/CMakeTmp

Run Build Command:"/usr/bin/gmake" "cmTC_d1297/fast"
No such file or directory
Generator: execution of make failed. Make command was: "/usr/bin/gmake" "cmTC_d1297/fast"


Determining if the C compiler works failed with the following output:
Change Dir: /home/aposta/projects/ai/game_platform/build/CMakeFiles/CMakeTmp

Run Build Command:"/usr/bin/gmake" "cmTC_350d1/fast"
No such file or directory
Generator: execution of make failed. Make command was: "/usr/bin/gmake" "cmTC_350d1/fast"


Determining if the C compiler works failed with the following output:
Change Dir: /home/aposta/projects/ai/game_platform/build/CMakeFiles/CMakeTmp

Run Build Command:"/usr/bin/gmake" "cmTC_a7a6a/fast"
No such file or directory
Generator: execution of make failed. Make command was: "/usr/bin/gmake" "cmTC_a7a6a/fast"


Determining if the C compiler works failed with the following output:
Change Dir: /home/aposta/projects/ai/game_platform/build/CMakeFiles/CMakeTmp

Run Build Command:"/usr/bin/gmake" "cmTC_23c17/fast"
No such file or directory
Generator: execution of make failed. Make command was: "/usr/bin/gmake" "cmTC_23c17/fast"


Determining if the C compiler works failed with the following output:
Change Dir: /home/aposta/projects/ai/game_platform/build/CMakeFiles/CMakeTmp

Run Build Command:"/usr/bin/gmake" "cmTC_4593d/fast"
No such file or directory
Generator: execution of make failed. Make command was: "/usr/bin/gmake" "cmTC_4593d/fast"


Determining if the C compiler works failed with the following output:
Change Dir: /home/aposta/projects/ai/game_platform/build/CMakeFiles/CMakeTmp

Run Build Command:"/usr/bin/gmake" "cmTC_2968b/fast"
No such file or directory
Generator: execution of make failed. Make command was: "/usr/bin/gmake" "cmTC_2968b/fast"


Determining if the C compiler works failed with the following output:
Change Dir: /home/aposta/projects/ai/game_platform/build/CMakeFiles/CMakeTmp

Run Build Command:"/usr/bin/gmake" "cmTC_569fd/fast"
No such file or directory
Generator: execution of make failed. Make command was: "/usr/bin/gmake" "cmTC_569fd/fast"


